2026-02-24 11:44:39 | INFO     | v10k | ============================================================
2026-02-24 11:44:39 | INFO     | v10k |   Velocity-10k Protocol V3.0 — starting up
2026-02-24 11:44:39 | INFO     | v10k |   Mode: PAPER
2026-02-24 11:44:39 | INFO     | v10k | ============================================================
2026-02-24 11:44:39 | INFO     | v10k | [persistence] Database ready at 'v10k_state.db'
2026-02-24 11:44:39 | INFO     | v10k | [paper] Paper account initialised — starting balance: $100.00 USDT
2026-02-24 11:44:39 | INFO     | v10k | [main] Paper balance: $100.00 USDT
2026-02-24 11:44:39 | INFO     | v10k | [execution] Mode: PAPER — using MEXC public data, all orders simulated locally
2026-02-24 11:44:39 | WARNING  | v10k | [notifier] Telegram HTTP 404: {"ok":false,"error_code":404,"description":"Not Found"}
2026-02-24 11:44:40 | WARNING  | v10k | [notifier] Telegram HTTP 404: {"ok":false,"error_code":404,"description":"Not Found"}
2026-02-24 11:44:41 | INFO     | v10k | [data] Fear & Greed Index: 8
2026-02-24 11:44:41 | INFO     | v10k | [filters] Extreme Fear — F&G Index 8 < floor 10
2026-02-24 11:44:41 | INFO     | v10k | [main] Macro filters FAILED — [FearGreed] Extreme Fear — F&G Index 8 < floor 10
2026-02-24 11:44:43 | WARNING  | v10k | [notifier] Telegram HTTP 404: {"ok":false,"error_code":404,"description":"Not Found"}
2026-02-24 11:44:47 | ERROR    | v10k | [notifier] All Telegram send attempts exhausted.
2026-02-24 11:44:47 | WARNING  | v10k | [notifier] Telegram HTTP 404: {"ok":false,"error_code":404,"description":"Not Found"}
2026-02-24 11:44:48 | WARNING  | v10k | [notifier] Telegram HTTP 404: {"ok":false,"error_code":404,"description":"Not Found"}
2026-02-24 11:44:51 | WARNING  | v10k | [notifier] Telegram HTTP 404: {"ok":false,"error_code":404,"description":"Not Found"}
2026-02-24 11:44:55 | ERROR    | v10k | [notifier] All Telegram send attempts exhausted.
2026-02-24 11:48:40 | INFO     | v10k | Shutdown signal received (2). Stopping after current tick …
2026-02-24 11:50:10 | INFO     | v10k | ============================================================
2026-02-24 11:50:10 | INFO     | v10k |   Velocity-10k Protocol V3.0 — starting up
2026-02-24 11:50:10 | INFO     | v10k |   Mode: PAPER
2026-02-24 11:50:10 | INFO     | v10k | ============================================================
2026-02-24 11:50:10 | INFO     | v10k | [persistence] Database ready at 'v10k_state.db'
2026-02-24 11:50:10 | INFO     | v10k | [main] Paper balance: $100.00 USDT
2026-02-24 11:50:10 | INFO     | v10k | [execution] Mode: PAPER — using MEXC public data, all orders simulated locally
2026-02-24 11:50:10 | WARNING  | v10k | [notifier] Telegram HTTP 404: {"ok":false,"error_code":404,"description":"Not Found"}
2026-02-24 11:50:12 | WARNING  | v10k | [notifier] Telegram HTTP 404: {"ok":false,"error_code":404,"description":"Not Found"}
2026-02-24 11:50:12 | INFO     | v10k | [data] Fear & Greed Index: 8
2026-02-24 11:50:12 | INFO     | v10k | [filters] Fear & Greed OK: 8
2026-02-24 11:50:12 | INFO     | v10k | [filters] BTC regime BEARISH — price 64116.37 ≤ EMA50 66685.05
2026-02-24 11:50:12 | INFO     | v10k | [main] Macro filters FAILED — [Regime] BTC regime BEARISH — price 64116.37 ≤ EMA50 66685.05
2026-02-24 11:50:14 | WARNING  | v10k | [notifier] Telegram HTTP 404: {"ok":false,"error_code":404,"description":"Not Found"}
2026-02-24 11:50:18 | ERROR    | v10k | [notifier] All Telegram send attempts exhausted.
2026-02-24 11:50:18 | WARNING  | v10k | [notifier] Telegram HTTP 404: {"ok":false,"error_code":404,"description":"Not Found"}
2026-02-24 11:50:20 | WARNING  | v10k | [notifier] Telegram HTTP 404: {"ok":false,"error_code":404,"description":"Not Found"}
2026-02-24 11:50:22 | WARNING  | v10k | [notifier] Telegram HTTP 404: {"ok":false,"error_code":404,"description":"Not Found"}
2026-02-24 11:50:26 | ERROR    | v10k | [notifier] All Telegram send attempts exhausted.
2026-02-24 11:54:11 | INFO     | v10k | ============================================================
2026-02-24 11:54:11 | INFO     | v10k |   Velocity-10k Protocol V3.0 — starting up
2026-02-24 11:54:11 | INFO     | v10k |   Mode: PAPER
2026-02-24 11:54:11 | INFO     | v10k | ============================================================
2026-02-24 11:54:11 | INFO     | v10k | [persistence] Database ready at 'v10k_state.db'
2026-02-24 11:54:11 | INFO     | v10k | [main] Paper balance: $100.00 USDT
2026-02-24 11:54:11 | INFO     | v10k | [execution] Mode: PAPER — using MEXC public data, all orders simulated locally
2026-02-24 11:54:11 | WARNING  | v10k | [notifier] Telegram HTTP 404: {"ok":false,"error_code":404,"description":"Not Found"}
2026-02-24 11:54:12 | INFO     | v10k | [scanner] Starting asset scan …
2026-02-24 11:54:12 | INFO     | v10k | [scanner] Universe: 30 symbols
2026-02-24 11:54:12 | WARNING  | v10k | [notifier] Telegram HTTP 404: {"ok":false,"error_code":404,"description":"Not Found"}
2026-02-24 11:54:15 | WARNING  | v10k | [notifier] Telegram HTTP 404: {"ok":false,"error_code":404,"description":"Not Found"}
2026-02-24 11:54:16 | INFO     | v10k | [scanner] POWER/USDT:USDT rejected — funding rate 0.00083 > cap 0.00050
2026-02-24 11:54:17 | INFO     | v10k | [scanner] After funding filter: 29 symbols
2026-02-24 11:54:19 | ERROR    | v10k | [notifier] All Telegram send attempts exhausted.
2026-02-24 11:54:23 | INFO     | v10k | [scanner] Top RS slopes: [('ETH/USDT:USDT', 6.181266485629048e-06), ('XAUT/USDT:USDT', 6.012979624405278e-06), ('PAXG/USDT:USDT', 4.584691427763053e-06), ('ZEC/USDT:USDT', 2.304860048436546e-06), ('AAVE/USDT:USDT', 1.1728215340258769e-06)]
2026-02-24 11:54:23 | INFO     | v10k | [scanner] Candidate accepted: ETH/USDT:USDT (RS slope=0.000006)
2026-02-24 11:54:23 | INFO     | v10k | [scanner] Candidate accepted: XAUT/USDT:USDT (RS slope=0.000006)
2026-02-24 11:54:23 | INFO     | v10k | [scanner] Candidate accepted: PAXG/USDT:USDT (RS slope=0.000005)
2026-02-24 11:54:23 | INFO     | v10k | [scanner] Final candidates: ['ETH/USDT:USDT', 'XAUT/USDT:USDT', 'PAXG/USDT:USDT']
2026-02-24 11:54:23 | INFO     | v10k | [main] Balance: $100.00 USDT
2026-02-24 11:54:25 | INFO     | v10k | [strategy] ETH/USDT:USDT | DC:✗ BBW:✗ GRV:✓ VOL:✗ AVWAP:✓ → skip
2026-02-24 11:54:25 | INFO     | v10k | [main] No signal on ETH/USDT:USDT: conditions failed: ['donchian_breakout', 'bbw_expansion', 'volume_spike']
2026-02-24 11:54:25 | INFO     | v10k | [strategy] XAUT/USDT:USDT | DC:✗ BBW:✗ GRV:✓ VOL:✗ AVWAP:✗ → skip
2026-02-24 11:54:25 | INFO     | v10k | [main] No signal on XAUT/USDT:USDT: conditions failed: ['donchian_breakout', 'bbw_expansion', 'volume_spike', 'avwap']
2026-02-24 11:54:25 | INFO     | v10k | [strategy] PAXG/USDT:USDT | DC:✗ BBW:✗ GRV:✓ VOL:✗ AVWAP:✓ → skip
2026-02-24 11:54:25 | INFO     | v10k | [main] No signal on PAXG/USDT:USDT: conditions failed: ['donchian_breakout', 'bbw_expansion', 'volume_spike']
2026-02-24 11:55:12 | INFO     | v10k | [scanner] Starting asset scan …
2026-02-24 11:55:12 | INFO     | v10k | [scanner] Universe: 30 symbols
2026-02-24 11:55:16 | INFO     | v10k | [scanner] POWER/USDT:USDT rejected — funding rate 0.00083 > cap 0.00050
2026-02-24 11:55:17 | INFO     | v10k | [scanner] After funding filter: 29 symbols
2026-02-24 11:55:23 | INFO     | v10k | [scanner] Top RS slopes: [('XAUT/USDT:USDT', 6.510949240307085e-06), ('ETH/USDT:USDT', 6.2244416876753624e-06), ('PAXG/USDT:USDT', 5.068580763804217e-06), ('ZEC/USDT:USDT', 2.331725758338626e-06), ('AAVE/USDT:USDT', 1.170820009854545e-06)]
2026-02-24 11:55:23 | INFO     | v10k | [scanner] Candidate accepted: XAUT/USDT:USDT (RS slope=0.000007)
2026-02-24 11:55:23 | INFO     | v10k | [scanner] Candidate accepted: ETH/USDT:USDT (RS slope=0.000006)
2026-02-24 11:55:23 | INFO     | v10k | [scanner] Candidate accepted: PAXG/USDT:USDT (RS slope=0.000005)
2026-02-24 11:55:23 | INFO     | v10k | [scanner] Final candidates: ['XAUT/USDT:USDT', 'ETH/USDT:USDT', 'PAXG/USDT:USDT']
2026-02-24 11:55:23 | INFO     | v10k | [main] Balance: $100.00 USDT
2026-02-24 11:55:23 | INFO     | v10k | [strategy] XAUT/USDT:USDT | DC:✗ BBW:✗ GRV:✓ VOL:✗ AVWAP:✗ → skip
2026-02-24 11:55:23 | INFO     | v10k | [main] No signal on XAUT/USDT:USDT: conditions failed: ['donchian_breakout', 'bbw_expansion', 'volume_spike', 'avwap']
2026-02-24 11:55:23 | INFO     | v10k | [strategy] ETH/USDT:USDT | DC:✗ BBW:✗ GRV:✓ VOL:✗ AVWAP:✓ → skip
2026-02-24 11:55:23 | INFO     | v10k | [main] No signal on ETH/USDT:USDT: conditions failed: ['donchian_breakout', 'bbw_expansion', 'volume_spike']
2026-02-24 11:55:23 | INFO     | v10k | [strategy] PAXG/USDT:USDT | DC:✗ BBW:✗ GRV:✓ VOL:✗ AVWAP:✓ → skip
2026-02-24 11:55:23 | INFO     | v10k | [main] No signal on PAXG/USDT:USDT: conditions failed: ['donchian_breakout', 'bbw_expansion', 'volume_spike']
2026-02-24 11:56:12 | INFO     | v10k | [scanner] Starting asset scan …
2026-02-24 11:56:12 | INFO     | v10k | [scanner] Universe: 30 symbols
2026-02-24 11:56:17 | INFO     | v10k | [scanner] POWER/USDT:USDT rejected — funding rate 0.00084 > cap 0.00050
2026-02-24 11:56:17 | INFO     | v10k | [scanner] After funding filter: 29 symbols
2026-02-24 11:56:23 | INFO     | v10k | [scanner] Top RS slopes: [('ETH/USDT:USDT', 6.102737706064856e-06), ('XAUT/USDT:USDT', 6.0409439293322026e-06), ('PAXG/USDT:USDT', 4.6723175771051895e-06), ('ZEC/USDT:USDT', 2.3373071421103374e-06), ('AAVE/USDT:USDT', 1.1679111624318916e-06)]
2026-02-24 11:56:23 | INFO     | v10k | [scanner] Candidate accepted: ETH/USDT:USDT (RS slope=0.000006)
2026-02-24 11:56:23 | INFO     | v10k | [scanner] Candidate accepted: XAUT/USDT:USDT (RS slope=0.000006)
2026-02-24 11:56:23 | INFO     | v10k | [scanner] Candidate accepted: PAXG/USDT:USDT (RS slope=0.000005)
2026-02-24 11:56:23 | INFO     | v10k | [scanner] Final candidates: ['ETH/USDT:USDT', 'XAUT/USDT:USDT', 'PAXG/USDT:USDT']
2026-02-24 11:56:23 | INFO     | v10k | [main] Balance: $100.00 USDT
2026-02-24 11:56:24 | INFO     | v10k | [strategy] ETH/USDT:USDT | DC:✗ BBW:✗ GRV:✓ VOL:✗ AVWAP:✓ → skip
2026-02-24 11:56:24 | INFO     | v10k | [main] No signal on ETH/USDT:USDT: conditions failed: ['donchian_breakout', 'bbw_expansion', 'volume_spike']
2026-02-24 11:56:24 | INFO     | v10k | [strategy] XAUT/USDT:USDT | DC:✗ BBW:✗ GRV:✓ VOL:✗ AVWAP:✗ → skip
2026-02-24 11:56:24 | INFO     | v10k | [main] No signal on XAUT/USDT:USDT: conditions failed: ['donchian_breakout', 'bbw_expansion', 'volume_spike', 'avwap']
2026-02-24 11:56:24 | INFO     | v10k | [strategy] PAXG/USDT:USDT | DC:✗ BBW:✗ GRV:✓ VOL:✗ AVWAP:✓ → skip
2026-02-24 11:56:24 | INFO     | v10k | [main] No signal on PAXG/USDT:USDT: conditions failed: ['donchian_breakout', 'bbw_expansion', 'volume_spike']
2026-02-26 22:53:55 | INFO     | v10k | [backtest] Symbol=BTC/USDT Dir=BOTH Candles=2000 Balance=$100.00
2026-02-26 22:53:55 | INFO     | v10k | [execution] Mode: PAPER — using MEXC public data, all orders simulated locally
2026-02-26 23:01:00 | INFO     | v10k | [backtest] Symbol=BTC/USDT Dir=BOTH Candles=20000 Balance=$100.00
2026-02-26 23:01:00 | INFO     | v10k | [execution] Mode: PAPER — using MEXC public data, all orders simulated locally
2026-02-26 23:04:19 | INFO     | v10k | [execution] Mode: PAPER — using MEXC public data, all orders simulated locally
2026-02-26 23:07:03 | INFO     | v10k | [execution] Mode: PAPER — using MEXC public data, all orders simulated locally
2026-02-26 23:08:09 | INFO     | v10k | [execution] Mode: PAPER — using MEXC public data, all orders simulated locally
2026-02-26 23:17:15 | INFO     | v10k | [execution] Mode: PAPER — using MEXC public data, all orders simulated locally
2026-02-26 23:17:18 | INFO     | v10k | [data] Volatility ranking: top coin=SIREN/USDT:USDT (88.66% daily range), bottom=GIGGLE/USDT:USDT (9.76%)
2026-02-27 00:08:17 | INFO     | v10k | [execution] Mode: PAPER — using MEXC public data, all orders simulated locally
2026-02-27 00:08:19 | INFO     | v10k | [data] Volatility ranking: top coin=POWER/USDT:USDT (79.07% daily range), bottom=TAO/USDT:USDT (7.93%)
2026-02-27 00:11:31 | INFO     | v10k | [execution] Mode: PAPER — using MEXC public data, all orders simulated locally
2026-02-27 00:11:34 | INFO     | v10k | [data] Volatility ranking: top coin=POWER/USDT:USDT (79.23% daily range), bottom=BCH/USDT:USDT (6.25%)
2026-02-27 00:22:28 | INFO     | v10k | [execution] Mode: PAPER — using MEXC public data, all orders simulated locally
2026-02-27 00:22:30 | INFO     | v10k | [data] Volatility ranking: top coin=POWER/USDT:USDT (78.73% daily range), bottom=BCH/USDT:USDT (6.29%)
2026-02-27 00:42:30 | INFO     | v10k | ============================================================
2026-02-27 00:42:30 | INFO     | v10k |   Velocity-10k Protocol V3.0 — starting up
2026-02-27 00:42:30 | INFO     | v10k |   Mode: PAPER  |  Direction: BOTH
2026-02-27 00:42:30 | INFO     | v10k | ============================================================
2026-02-27 00:42:30 | INFO     | v10k | [persistence] Database ready at 'v10k_state.db'
2026-02-27 00:42:30 | INFO     | v10k | [main] Paper balance: $100.00 USDT
2026-02-27 00:42:30 | INFO     | v10k | [execution] Mode: PAPER — using MEXC public data, all orders simulated locally
2026-02-27 00:42:30 | WARNING  | v10k | [notifier] Telegram HTTP 404: {"ok":false,"error_code":404,"description":"Not Found"}
2026-02-27 00:42:31 | WARNING  | v10k | [notifier] Telegram HTTP 404: {"ok":false,"error_code":404,"description":"Not Found"}
2026-02-27 00:42:34 | WARNING  | v10k | [notifier] Telegram HTTP 404: {"ok":false,"error_code":404,"description":"Not Found"}
2026-02-27 00:42:37 | INFO     | v10k | [main] Filters FAILED — Breadth:strong, NLP:bearish
2026-02-27 00:42:38 | ERROR    | v10k | [notifier] All Telegram send attempts exhausted.
2026-02-27 00:42:38 | WARNING  | v10k | [notifier] Telegram HTTP 404: {"ok":false,"error_code":404,"description":"Not Found"}
2026-02-27 00:42:40 | WARNING  | v10k | [notifier] Telegram HTTP 404: {"ok":false,"error_code":404,"description":"Not Found"}
2026-02-27 00:42:42 | WARNING  | v10k | [notifier] Telegram HTTP 404: {"ok":false,"error_code":404,"description":"Not Found"}
2026-02-27 00:42:46 | ERROR    | v10k | [notifier] All Telegram send attempts exhausted.
2026-02-27 00:44:49 | INFO     | v10k | Shutdown signal received. Stopping …
2026-02-27 00:45:08 | INFO     | v10k | Shutdown signal received. Stopping …
2026-02-27 00:45:09 | INFO     | v10k | Shutdown signal received. Stopping …
2026-02-27 00:45:09 | INFO     | v10k | Shutdown signal received. Stopping …
2026-02-27 00:45:09 | INFO     | v10k | Shutdown signal received. Stopping …
2026-02-27 00:45:09 | INFO     | v10k | Shutdown signal received. Stopping …
2026-02-27 00:45:10 | INFO     | v10k | Shutdown signal received. Stopping …
2026-02-27 00:45:10 | INFO     | v10k | Shutdown signal received. Stopping …
2026-02-27 00:45:10 | INFO     | v10k | Shutdown signal received. Stopping …
2026-02-27 00:45:10 | INFO     | v10k | Shutdown signal received. Stopping …
2026-02-27 00:45:10 | INFO     | v10k | Shutdown signal received. Stopping …
2026-02-27 00:45:10 | INFO     | v10k | Shutdown signal received. Stopping …
2026-02-27 00:45:11 | INFO     | v10k | Shutdown signal received. Stopping …
2026-02-27 00:45:11 | INFO     | v10k | Shutdown signal received. Stopping …
2026-02-27 00:45:11 | INFO     | v10k | Shutdown signal received. Stopping …
2026-02-27 00:45:11 | INFO     | v10k | Shutdown signal received. Stopping …
2026-02-27 00:45:12 | INFO     | v10k | Shutdown signal received. Stopping …
2026-02-27 01:04:55 | INFO     | v10k | ============================================================
2026-02-27 01:04:55 | INFO     | v10k |   Velocity-10k Protocol V3.0 — starting up
2026-02-27 01:04:55 | INFO     | v10k |   Mode: PAPER  |  Direction: BOTH
2026-02-27 01:04:55 | INFO     | v10k | ============================================================
2026-02-27 01:04:55 | INFO     | v10k | [persistence] Database ready at 'v10k_state.db'
2026-02-27 01:04:55 | INFO     | v10k | [main] Paper balance: $100.00 USDT
2026-02-27 01:04:55 | INFO     | v10k | [execution] Mode: PAPER — using MEXC public data, all orders simulated locally
2026-02-27 01:05:01 | INFO     | v10k | [main] Filters FAILED — Breadth:strong, NLP:bearish
2026-02-27 01:10:01 | INFO     | v10k | [main] Filters FAILED — Breadth:strong, NLP:bearish
2026-02-27 01:15:02 | INFO     | v10k | [main] Filters FAILED — Breadth:strong, NLP:bearish
2026-02-27 01:15:58 | INFO     | v10k | Shutdown signal received. Stopping …
2026-02-27 01:21:13 | INFO     | v10k | ============================================================
2026-02-27 01:21:13 | INFO     | v10k |   Velocity-10k Protocol V3.0 — starting up
2026-02-27 01:21:13 | INFO     | v10k |   Mode: PAPER  |  Direction: BOTH
2026-02-27 01:21:13 | INFO     | v10k | ============================================================
2026-02-27 01:21:13 | INFO     | v10k | [persistence] Database ready at 'v10k_state.db'
2026-02-27 01:21:13 | INFO     | v10k | [main] Paper balance: $100.00 USDT
2026-02-27 01:21:13 | INFO     | v10k | [execution] Mode: PAPER — using MEXC public data, all orders simulated locally
2026-02-27 01:21:15 | INFO     | v10k | [main] Filters FAILED — Breadth:neutral, NLP:bearish
2026-02-27 01:26:17 | INFO     | v10k | [main] Filters FAILED — Breadth:neutral, NLP:bearish
2026-02-27 01:29:22 | INFO     | v10k | [execution] Mode: PAPER — using MEXC public data, all orders simulated locally
2026-02-27 01:32:26 | INFO     | v10k | [execution] Mode: PAPER — using MEXC public data, all orders simulated locally
